C:\PSP-PROJECTS\X86EMU\WINDOWS\X86EMU\8042.OBJ
C:\PSP-PROJECTS\X86EMU\WINDOWS\X86EMU\8086_GRPOPS.OBJ
C:\PSP-PROJECTS\X86EMU\WINDOWS\X86EMU\ADLIB.OBJ
C:\PSP-PROJECTS\X86EMU\WINDOWS\X86EMU\ATAPI.OBJ
C:\PSP-PROJECTS\X86EMU\WINDOWS\X86EMU\BIOS.OBJ
C:\PSP-PROJECTS\X86EMU\WINDOWS\X86EMU\BIOSMENU.OBJ
C:\PSP-PROJECTS\X86EMU\WINDOWS\X86EMU\BIOSROM.OBJ
C:\PSP-PROJECTS\X86EMU\WINDOWS\X86EMU\BMP.OBJ
C:\PSP-PROJECTS\X86EMU\WINDOWS\X86EMU\BOOT.OBJ
C:\PSP-PROJECTS\X86EMU\WINDOWS\X86EMU\CB_MANAGER.OBJ
C:\psp-projects\x86EMU\Windows\x86EMU\cl.command.1.tlog
C:\psp-projects\x86EMU\Windows\x86EMU\CL.read.1.tlog
C:\psp-projects\x86EMU\Windows\x86EMU\CL.write.1.tlog
C:\PSP-PROJECTS\X86EMU\WINDOWS\X86EMU\CMOS.OBJ
C:\PSP-PROJECTS\X86EMU\WINDOWS\X86EMU\CPU.OBJ
C:\PSP-PROJECTS\X86EMU\WINDOWS\X86EMU\CPU_INTERRUPTS.OBJ
C:\PSP-PROJECTS\X86EMU\WINDOWS\X86EMU\CPU_JMPTBLS.OBJ
C:\PSP-PROJECTS\X86EMU\WINDOWS\X86EMU\CPU_JMPTBLS0F.OBJ
C:\PSP-PROJECTS\X86EMU\WINDOWS\X86EMU\CRC32.OBJ
C:\PSP-PROJECTS\X86EMU\WINDOWS\X86EMU\DEBUG\X86EMU.EXE
C:\PSP-PROJECTS\X86EMU\WINDOWS\X86EMU\DEBUG\X86EMU.ILK
C:\PSP-PROJECTS\X86EMU\WINDOWS\X86EMU\DEBUG\X86EMU.PDB
C:\PSP-PROJECTS\X86EMU\WINDOWS\X86EMU\DEBUG_FILES.OBJ
C:\PSP-PROJECTS\X86EMU\WINDOWS\X86EMU\DEBUG_GRAPHICS.OBJ
C:\PSP-PROJECTS\X86EMU\WINDOWS\X86EMU\DEBUG_SOUND.OBJ
C:\PSP-PROJECTS\X86EMU\WINDOWS\X86EMU\DEBUGGER.OBJ
C:\PSP-PROJECTS\X86EMU\WINDOWS\X86EMU\DIRECTORYLIST.OBJ
C:\PSP-PROJECTS\X86EMU\WINDOWS\X86EMU\DMA.OBJ
C:\PSP-PROJECTS\X86EMU\WINDOWS\X86EMU\DYNAMICIMAGE.OBJ
C:\PSP-PROJECTS\X86EMU\WINDOWS\X86EMU\EMU_BIOS_POST.OBJ
C:\PSP-PROJECTS\X86EMU\WINDOWS\X86EMU\EMU_BIOS_SOUND.OBJ
C:\PSP-PROJECTS\X86EMU\WINDOWS\X86EMU\EMU_MAIN.OBJ
C:\PSP-PROJECTS\X86EMU\WINDOWS\X86EMU\EMU_MISC.OBJ
C:\PSP-PROJECTS\X86EMU\WINDOWS\X86EMU\EMU_VGA.OBJ
C:\PSP-PROJECTS\X86EMU\WINDOWS\X86EMU\EMU_VGA_BIOS.OBJ
C:\PSP-PROJECTS\X86EMU\WINDOWS\X86EMU\EMUCORE.OBJ
C:\PSP-PROJECTS\X86EMU\WINDOWS\X86EMU\ERRORS.OBJ
C:\PSP-PROJECTS\X86EMU\WINDOWS\X86EMU\EXCEPTION.OBJ
C:\PSP-PROJECTS\X86EMU\WINDOWS\X86EMU\FIFOBUFFER.OBJ
C:\PSP-PROJECTS\X86EMU\WINDOWS\X86EMU\FLAGS.OBJ
C:\PSP-PROJECTS\X86EMU\WINDOWS\X86EMU\FOPEN64.OBJ
C:\PSP-PROJECTS\X86EMU\WINDOWS\X86EMU\GPU.OBJ
C:\PSP-PROJECTS\X86EMU\WINDOWS\X86EMU\GPU_DEBUG.OBJ
C:\PSP-PROJECTS\X86EMU\WINDOWS\X86EMU\GPU_EMU.OBJ
C:\PSP-PROJECTS\X86EMU\WINDOWS\X86EMU\GPU_FRAMERATE.OBJ
C:\PSP-PROJECTS\X86EMU\WINDOWS\X86EMU\GPU_RENDERER.OBJ
C:\PSP-PROJECTS\X86EMU\WINDOWS\X86EMU\GPU_SDL.OBJ
C:\PSP-PROJECTS\X86EMU\WINDOWS\X86EMU\GPU_TEXT.OBJ
C:\PSP-PROJECTS\X86EMU\WINDOWS\X86EMU\HARDWARE_INTERRUPTS.OBJ
C:\PSP-PROJECTS\X86EMU\WINDOWS\X86EMU\HIGHRESTIMER.OBJ
C:\PSP-PROJECTS\X86EMU\WINDOWS\X86EMU\IDE.OBJ
C:\PSP-PROJECTS\X86EMU\WINDOWS\X86EMU\INITMEM.OBJ
C:\PSP-PROJECTS\X86EMU\WINDOWS\X86EMU\INPUT.OBJ
C:\PSP-PROJECTS\X86EMU\WINDOWS\X86EMU\INTERRUPT10.OBJ
C:\PSP-PROJECTS\X86EMU\WINDOWS\X86EMU\INTERRUPT10_MODELIST_VGA.OBJ
C:\PSP-PROJECTS\X86EMU\WINDOWS\X86EMU\INTERRUPT10_ROMFONT.OBJ
C:\PSP-PROJECTS\X86EMU\WINDOWS\X86EMU\INTERRUPT10_SWITCHVIDEOMODE.OBJ
C:\PSP-PROJECTS\X86EMU\WINDOWS\X86EMU\INTERRUPT10_TEXTMODEDATA.OBJ
C:\PSP-PROJECTS\X86EMU\WINDOWS\X86EMU\INTERRUPT11.OBJ
C:\PSP-PROJECTS\X86EMU\WINDOWS\X86EMU\INTERRUPT13.OBJ
C:\PSP-PROJECTS\X86EMU\WINDOWS\X86EMU\INTERRUPT16.OBJ
C:\PSP-PROJECTS\X86EMU\WINDOWS\X86EMU\INTERRUPT18.OBJ
C:\PSP-PROJECTS\X86EMU\WINDOWS\X86EMU\INTERRUPT19.OBJ
C:\PSP-PROJECTS\X86EMU\WINDOWS\X86EMU\INTERRUPT5.OBJ
C:\PSP-PROJECTS\X86EMU\WINDOWS\X86EMU\IO.OBJ
C:\PSP-PROJECTS\X86EMU\WINDOWS\X86EMU\ISOREADER.OBJ
C:\PSP-PROJECTS\X86EMU\WINDOWS\X86EMU\KEYBOARD.OBJ
C:\PSP-PROJECTS\X86EMU\WINDOWS\X86EMU\LBA.OBJ
C:\psp-projects\x86EMU\Windows\x86EMU\link.3780.read.1.tlog
C:\psp-projects\x86EMU\Windows\x86EMU\link.3780.write.1.tlog
C:\psp-projects\x86EMU\Windows\x86EMU\link.3780-cvtres.read.1.tlog
C:\psp-projects\x86EMU\Windows\x86EMU\link.3780-cvtres.write.1.tlog
C:\psp-projects\x86EMU\Windows\x86EMU\link.command.1.tlog
C:\psp-projects\x86EMU\Windows\x86EMU\link.read.1.tlog
C:\psp-projects\x86EMU\Windows\x86EMU\link.write.1.tlog
C:\psp-projects\x86EMU\Windows\x86EMU\link-cvtres.read.1.tlog
C:\psp-projects\x86EMU\Windows\x86EMU\link-cvtres.write.1.tlog
C:\PSP-PROJECTS\X86EMU\WINDOWS\X86EMU\LOG.OBJ
C:\PSP-PROJECTS\X86EMU\WINDOWS\X86EMU\MAIN.OBJ
C:\PSP-PROJECTS\X86EMU\WINDOWS\X86EMU\MIDI.OBJ
C:\PSP-PROJECTS\X86EMU\WINDOWS\X86EMU\MIDIDEVICE.OBJ
C:\PSP-PROJECTS\X86EMU\WINDOWS\X86EMU\MMU.OBJ
C:\PSP-PROJECTS\X86EMU\WINDOWS\X86EMU\MMUHANDLER.OBJ
C:\PSP-PROJECTS\X86EMU\WINDOWS\X86EMU\MODRM.OBJ
C:\PSP-PROJECTS\X86EMU\WINDOWS\X86EMU\MPU.OBJ
C:\psp-projects\x86EMU\Windows\x86EMU\mt.command.1.tlog
C:\psp-projects\x86EMU\Windows\x86EMU\mt.read.1.tlog
C:\psp-projects\x86EMU\Windows\x86EMU\mt.write.1.tlog
C:\PSP-PROJECTS\X86EMU\WINDOWS\X86EMU\MULTITASKING.OBJ
C:\PSP-PROJECTS\X86EMU\WINDOWS\X86EMU\NUMBER_OPTIMIZATIONS.OBJ
C:\PSP-PROJECTS\X86EMU\WINDOWS\X86EMU\OPCODES_386.OBJ
C:\PSP-PROJECTS\X86EMU\WINDOWS\X86EMU\OPCODES_80186.OBJ
C:\PSP-PROJECTS\X86EMU\WINDOWS\X86EMU\OPCODES_80286.OBJ
C:\PSP-PROJECTS\X86EMU\WINDOWS\X86EMU\OPCODES_8086.OBJ
C:\PSP-PROJECTS\X86EMU\WINDOWS\X86EMU\OPCODES0F_386.OBJ
C:\PSP-PROJECTS\X86EMU\WINDOWS\X86EMU\PAGING.OBJ
C:\PSP-PROJECTS\X86EMU\WINDOWS\X86EMU\PCSPEAKER.OBJ
C:\PSP-PROJECTS\X86EMU\WINDOWS\X86EMU\PIC.OBJ
C:\PSP-PROJECTS\X86EMU\WINDOWS\X86EMU\PIT.OBJ
C:\PSP-PROJECTS\X86EMU\WINDOWS\X86EMU\PORT_IO.OBJ
C:\PSP-PROJECTS\X86EMU\WINDOWS\X86EMU\PORT_MAPPER.OBJ
C:\PSP-PROJECTS\X86EMU\WINDOWS\X86EMU\PROTECTION.OBJ
C:\PSP-PROJECTS\X86EMU\WINDOWS\X86EMU\PS2_KEYBOARD.OBJ
C:\PSP-PROJECTS\X86EMU\WINDOWS\X86EMU\PS2_KEYBOARD_DATA.OBJ
C:\PSP-PROJECTS\X86EMU\WINDOWS\X86EMU\PS2_MOUSE.OBJ
C:\psp-projects\x86EMU\Windows\x86EMU\rc.command.1.tlog
C:\psp-projects\x86EMU\Windows\x86EMU\rc.read.1.tlog
C:\psp-projects\x86EMU\Windows\x86EMU\rc.write.1.tlog
C:\PSP-PROJECTS\X86EMU\WINDOWS\X86EMU\RUNROMVERIFY.OBJ
C:\PSP-PROJECTS\X86EMU\WINDOWS\X86EMU\SF2.OBJ
C:\PSP-PROJECTS\X86EMU\WINDOWS\X86EMU\SIGNEDNESS.OBJ
C:\PSP-PROJECTS\X86EMU\WINDOWS\X86EMU\SOFTDEBUGGER.OBJ
C:\PSP-PROJECTS\X86EMU\WINDOWS\X86EMU\SOUND.OBJ
C:\PSP-PROJECTS\X86EMU\WINDOWS\X86EMU\STATE.OBJ
C:\PSP-PROJECTS\X86EMU\WINDOWS\X86EMU\STATICIMAGE.OBJ
C:\PSP-PROJECTS\X86EMU\WINDOWS\X86EMU\THREADS.OBJ
C:\PSP-PROJECTS\X86EMU\WINDOWS\X86EMU\TIMERS.OBJ
C:\PSP-PROJECTS\X86EMU\WINDOWS\X86EMU\UART.OBJ
C:\PSP-PROJECTS\X86EMU\WINDOWS\X86EMU\UNKINT.OBJ
C:\PSP-PROJECTS\X86EMU\WINDOWS\X86EMU\UNKOP.OBJ
C:\psp-projects\x86EMU\Windows\x86EMU\vc100.idb
C:\PSP-PROJECTS\X86EMU\WINDOWS\X86EMU\VC100.PDB
C:\PSP-PROJECTS\X86EMU\WINDOWS\X86EMU\VGA.OBJ
C:\PSP-PROJECTS\X86EMU\WINDOWS\X86EMU\VGA_ATTRIBUTECONTROLLER.OBJ
C:\PSP-PROJECTS\X86EMU\WINDOWS\X86EMU\VGA_COLORCONVERSION.OBJ
C:\PSP-PROJECTS\X86EMU\WINDOWS\X86EMU\VGA_CRTCONTROLLER.OBJ
C:\PSP-PROJECTS\X86EMU\WINDOWS\X86EMU\VGA_DAC.OBJ
C:\PSP-PROJECTS\X86EMU\WINDOWS\X86EMU\VGA_DACRENDERER.OBJ
C:\PSP-PROJECTS\X86EMU\WINDOWS\X86EMU\VGA_IO.OBJ
C:\PSP-PROJECTS\X86EMU\WINDOWS\X86EMU\VGA_MMU.OBJ
C:\PSP-PROJECTS\X86EMU\WINDOWS\X86EMU\VGA_MODES.OBJ
C:\PSP-PROJECTS\X86EMU\WINDOWS\X86EMU\VGA_PRECALCS.OBJ
C:\PSP-PROJECTS\X86EMU\WINDOWS\X86EMU\VGA_SEQUENCER.OBJ
C:\PSP-PROJECTS\X86EMU\WINDOWS\X86EMU\VGA_SEQUENCER_GRAPHICSMODE.OBJ
C:\PSP-PROJECTS\X86EMU\WINDOWS\X86EMU\VGA_SEQUENCER_TEXTMODE.OBJ
C:\PSP-PROJECTS\X86EMU\WINDOWS\X86EMU\VGA_VRAM.OBJ
C:\PSP-PROJECTS\X86EMU\WINDOWS\X86EMU\VGA_VRAMTEXT.OBJ
C:\PSP-PROJECTS\X86EMU\WINDOWS\X86EMU\X86EMU.EXE.EMBED.MANIFEST
C:\PSP-PROJECTS\X86EMU\WINDOWS\X86EMU\X86EMU.EXE.EMBED.MANIFEST.RES
C:\PSP-PROJECTS\X86EMU\WINDOWS\X86EMU\X86EMU.EXE.INTERMEDIATE.MANIFEST
C:\psp-projects\x86EMU\Windows\x86EMU\x86EMU.vcxprojResolveAssemblyReference.cache
C:\psp-projects\x86EMU\Windows\x86EMU\x86EMU.write.1.tlog
C:\psp-projects\x86EMU\Windows\x86EMU\x86EMU_manifest.rc
C:\PSP-PROJECTS\X86EMU\WINDOWS\X86EMU\ZALLOC.OBJ
