Build started 14-1-2015 11:26:36.
Project "C:\psp-projects\x86EMU\Windows\x86EMU\x86EMU.vcxproj" on node 2 (build target(s)).
C:\Program Files (x86)\MSBuild\Microsoft.Cpp\v4.0\Microsoft.CppBuild.targets(298,5): warning MSB8004: Intermediate Directory does not end with a trailing slash.  This build instance will add the slash as it is required to allow proper evaluation of the Intermediate Directory.
InitializeBuildStatus:
  Creating "C:\psp-projects\x86EMU\x86EMU.unsuccessfulbuild" because "AlwaysCreate" was specified.
ClCompile:
  C:\Program Files (x86)\Microsoft Visual Studio 10.0\VC\bin\CL.exe /c /I"C:\SDL-1.2.15\include" /ZI /nologo /W3 /WX- /Od /Oy- /D WIN32 /D _DEBUG /D _WINDOWS /D _UNICODE /D UNICODE /Gm /EHsc /RTC1 /MD /GS /fp:precise /Zc:wchar_t /Zc:forScope /Fo"C:\psp-projects\x86EMU\\" /Fd"C:\psp-projects\x86EMU\vc100.pdb" /Gd /TC /analyze- /errorReport:prompt ..\..\basicio\boot.c ..\..\basicio\dynamicimage.c ..\..\basicio\fopen64.c ..\..\basicio\io.c ..\..\basicio\port_io.c ..\..\basicio\port_mapper.c ..\..\basicio\staticimage.c ..\..\bios\bios.c ..\..\bios\biosmenu.c ..\..\bios\biosrom.c ..\..\bios\initmem.c ..\..\cpu\80186\opcodes_80186.c ..\..\cpu\80286\multitasking.c ..\..\cpu\80286\opcodes_80286.c ..\..\cpu\80286\protection.c ..\..\cpu\80386\opcodes0F_386.c ..\..\cpu\80386\opcodes_386.c ..\..\cpu\8086\8086_grpOPs.c ..\..\cpu\8086\flags.c ..\..\cpu\8086\opcodes_8086.c ..\..\cpu\cb_manager.c ..\..\cpu\cpu.c ..\..\cpu\cpu_interrupts.c ..\..\cpu\cpu_jmptbls.c ..\..\cpu\cpu_jmptbls0f.c ..\..\cpu\flags.c ..\..\cpu\hardware_interrupts.c ..\..\cpu\modrm.c ..\..\cpu\unkop.c ..\..\emu\core\emucore.c ..\..\emu\core\emu_bios_post.c ..\..\emu\core\emu_bios_sound.c ..\..\emu\core\emu_main.c ..\..\emu\core\emu_misc.c ..\..\emu\core\emu_vga.c ..\..\emu\core\emu_vga_bios.c ..\..\emu\debugger\debugger.c ..\..\emu\debugger\debug_files.c ..\..\emu\debugger\debug_graphics.c ..\..\emu\debugger\debug_sound.c ..\..\emu\debugger\runromverify.c ..\..\emu\gpu\gpu.c ..\..\emu\gpu\gpu_debug.c ..\..\emu\gpu\gpu_emu.c ..\..\emu\gpu\gpu_framerate.c ..\..\emu\gpu\gpu_renderer.c ..\..\emu\gpu\gpu_sdl.c ..\..\emu\gpu\gpu_text.c ..\..\emu\io\input.c ..\..\emu\io\keyboard.c ..\..\emu\io\sound.c ..\..\emu\main.c ..\..\emu\support\errors.c ..\..\emu\support\number_optimizations.c ..\..\emu\support\threads.c ..\..\exception\exception.c ..\..\hardware\8042.c ..\..\hardware\adlib.c ..\..\hardware\ATAPI.c ..\..\hardware\CMOS.c ..\..\hardware\dma.c ..\..\hardware\ide.c ..\..\hardware\midi\midi.c ..\..\hardware\midi\mididevice.c ..\..\hardware\midi\mpu.c ..\..\hardware\pcspeaker.c ..\..\hardware\pic.c ..\..\hardware\pit.c ..\..\hardware\ps2_keyboard.c ..\..\hardware\ps2_keyboard_data.c ..\..\hardware\ps2_mouse.c ..\..\hardware\softdebugger.c ..\..\hardware\uart.c ..\..\hardware\vga\vga.c ..\..\hardware\vga\vga_colorconversion.c ..\..\hardware\vga\vga_dac.c ..\..\hardware\vga\vga_io.c ..\..\hardware\vga\vga_mmu.c ..\..\hardware\vga\vga_modes.c ..\..\hardware\vga\vga_screen\vga_attributecontroller.c ..\..\hardware\vga\vga_screen\vga_crtcontroller.c ..\..\hardware\vga\vga_screen\vga_dac.c ..\..\hardware\vga\vga_screen\vga_precalcs.c ..\..\hardware\vga\vga_screen\vga_sequencer.c ..\..\hardware\vga\vga_screen\vga_sequencer_graphicsmode.c ..\..\hardware\vga\vga_screen\vga_sequencer_textmode.c ..\..\hardware\vga\vga_vram.c ..\..\hardware\vga\vga_vramtext.c ..\..\interrupts\interrupt10.c ..\..\interrupts\interrupt10_modelist_vga.c ..\..\interrupts\interrupt10_romfont.c ..\..\interrupts\interrupt10_switchvideomode.c ..\..\interrupts\interrupt10_textmodedata.c ..\..\interrupts\interrupt11.c ..\..\interrupts\interrupt13.c ..\..\interrupts\interrupt16.c ..\..\interrupts\interrupt18.c ..\..\interrupts\interrupt19.c ..\..\interrupts\interrupt5.c ..\..\interrupts\unkint.c ..\..\mmu\mmu.c ..\..\mmu\mmuhandler.c ..\..\mmu\paging.c ..\..\support\bmp.c ..\..\support\crc32.c ..\..\support\fifobuffer.c ..\..\support\highrestimer.c ..\..\support\isoreader.c ..\..\support\lba.c ..\..\support\log.c ..\..\support\sf2.c ..\..\support\signedness.c ..\..\support\state.c ..\..\support\timers.c ..\..\support\zalloc.c
  zalloc.c
c:\psp-projects\x86emu\support\zalloc.c(1): fatal error C1083: Cannot open include file: 'headers/types.h': No such file or directory
  timers.c
c:\psp-projects\x86emu\support\timers.c(1): fatal error C1083: Cannot open include file: 'headers/types.h': No such file or directory
  state.c
c:\psp-projects\x86emu\support\state.c(1): fatal error C1083: Cannot open include file: 'headers/hardware/vga.h': No such file or directory
  signedness.c
c:\psp-projects\x86emu\support\signedness.c(1): fatal error C1083: Cannot open include file: 'headers/types.h': No such file or directory
  sf2.c
c:\psp-projects\x86emu\support\sf2.c(1): fatal error C1083: Cannot open include file: 'headers/types.h': No such file or directory
  log.c
c:\psp-projects\x86emu\support\log.c(1): fatal error C1083: Cannot open include file: 'headers/types.h': No such file or directory
  lba.c
c:\psp-projects\x86emu\support\lba.c(1): fatal error C1083: Cannot open include file: 'headers/types.h': No such file or directory
  isoreader.c
c:\psp-projects\x86emu\support\isoreader.c(1): fatal error C1083: Cannot open include file: 'headers/types.h': No such file or directory
  highrestimer.c
c:\psp-projects\x86emu\support\highrestimer.c(1): fatal error C1083: Cannot open include file: 'headers/types.h': No such file or directory
  fifobuffer.c
c:\psp-projects\x86emu\support\fifobuffer.c(1): fatal error C1083: Cannot open include file: 'headers/types.h': No such file or directory
  crc32.c
c:\psp-projects\x86emu\support\crc32.c(1): fatal error C1083: Cannot open include file: 'headers/types.h': No such file or directory
  bmp.c
c:\psp-projects\x86emu\support\bmp.c(1): fatal error C1083: Cannot open include file: 'headers/types.h': No such file or directory
  paging.c
c:\psp-projects\x86emu\mmu\paging.c(1): fatal error C1083: Cannot open include file: 'headers/mmu/mmu.h': No such file or directory
  mmuhandler.c
c:\psp-projects\x86emu\mmu\mmuhandler.c(1): fatal error C1083: Cannot open include file: 'headers/types.h': No such file or directory
  mmu.c
c:\psp-projects\x86emu\mmu\mmu.c(2): fatal error C1083: Cannot open include file: 'headers/mmu/mmu.h': No such file or directory
  unkint.c
c:\psp-projects\x86emu\interrupts\unkint.c(1): fatal error C1083: Cannot open include file: 'headers/cpu/cpu.h': No such file or directory
  interrupt5.c
  interrupt19.c
c:\psp-projects\x86emu\interrupts\interrupt19.c(1): fatal error C1083: Cannot open include file: 'headers/types.h': No such file or directory
  interrupt18.c
c:\psp-projects\x86emu\interrupts\interrupt18.c(1): fatal error C1083: Cannot open include file: 'headers/types.h': No such file or directory
  interrupt16.c
c:\psp-projects\x86emu\interrupts\interrupt16.c(1): fatal error C1083: Cannot open include file: 'headers/types.h': No such file or directory
  Generating Code...
  Compiling...
  interrupt13.c
c:\psp-projects\x86emu\interrupts\interrupt13.c(1): fatal error C1083: Cannot open include file: 'headers/cpu/cpu.h': No such file or directory
  interrupt11.c
c:\psp-projects\x86emu\interrupts\interrupt11.c(1): fatal error C1083: Cannot open include file: 'headers/types.h': No such file or directory
  interrupt10_textmodedata.c
c:\psp-projects\x86emu\interrupts\interrupt10_textmodedata.c(1): fatal error C1083: Cannot open include file: 'headers/types.h': No such file or directory
  interrupt10_switchvideomode.c
c:\psp-projects\x86emu\interrupts\interrupt10_switchvideomode.c(1): fatal error C1083: Cannot open include file: 'headers/types.h': No such file or directory
  interrupt10_romfont.c
c:\psp-projects\x86emu\interrupts\interrupt10_romfont.c(1): fatal error C1083: Cannot open include file: 'headers/types.h': No such file or directory
  interrupt10_modelist_vga.c
c:\psp-projects\x86emu\interrupts\interrupt10_modelist_vga.c(1): fatal error C1083: Cannot open include file: 'headers/header_dosbox.h': No such file or directory
  interrupt10.c
c:\psp-projects\x86emu\interrupts\interrupt10.c(7): fatal error C1083: Cannot open include file: 'headers/types.h': No such file or directory
  vga_vramtext.c
c:\psp-projects\x86emu\hardware\vga\vga_vramtext.c(1): fatal error C1083: Cannot open include file: 'headers/hardware/vga.h': No such file or directory
  vga_vram.c
c:\psp-projects\x86emu\hardware\vga\vga_vram.c(1): fatal error C1083: Cannot open include file: 'headers/types.h': No such file or directory
  vga_sequencer_textmode.c
c:\psp-projects\x86emu\hardware\vga\vga_screen\vga_sequencer_textmode.c(1): fatal error C1083: Cannot open include file: 'headers/hardware/vga.h': No such file or directory
  vga_sequencer_graphicsmode.c
c:\psp-projects\x86emu\hardware\vga\vga_screen\vga_sequencer_graphicsmode.c(1): fatal error C1083: Cannot open include file: 'headers/types.h': No such file or directory
  vga_sequencer.c
c:\psp-projects\x86emu\hardware\vga\vga_screen\vga_sequencer.c(1): fatal error C1083: Cannot open include file: 'headers/emu/gpu/gpu.h': No such file or directory
  vga_precalcs.c
c:\psp-projects\x86emu\hardware\vga\vga_screen\vga_precalcs.c(1): fatal error C1083: Cannot open include file: 'headers/hardware/vga.h': No such file or directory
  vga_dac.c
c:\psp-projects\x86emu\hardware\vga\vga_screen\vga_dac.c(1): fatal error C1083: Cannot open include file: 'headers/hardware/vga.h': No such file or directory
  vga_crtcontroller.c
c:\psp-projects\x86emu\hardware\vga\vga_screen\vga_crtcontroller.c(1): fatal error C1083: Cannot open include file: 'headers/hardware/vga.h': No such file or directory
  vga_attributecontroller.c
c:\psp-projects\x86emu\hardware\vga\vga_screen\vga_attributecontroller.c(1): fatal error C1083: Cannot open include file: 'headers/hardware/vga.h': No such file or directory
  vga_modes.c
c:\psp-projects\x86emu\hardware\vga\vga_modes.c(1): fatal error C1083: Cannot open include file: 'headers/types.h': No such file or directory
  vga_mmu.c
c:\psp-projects\x86emu\hardware\vga\vga_mmu.c(1): fatal error C1083: Cannot open include file: 'headers/hardware/vga.h': No such file or directory
  vga_io.c
c:\psp-projects\x86emu\hardware\vga\vga_io.c(1): fatal error C1083: Cannot open include file: 'headers/hardware/vga.h': No such file or directory
  vga_dac.c
c:\psp-projects\x86emu\hardware\vga\vga_dac.c(1): fatal error C1083: Cannot open include file: 'headers/types.h': No such file or directory
  Generating Code...
  Compiling...
  vga_colorconversion.c
c:\psp-projects\x86emu\hardware\vga\vga_colorconversion.c(1): fatal error C1083: Cannot open include file: 'headers/types.h': No such file or directory
  vga.c
c:\psp-projects\x86emu\hardware\vga\vga.c(10): fatal error C1083: Cannot open include file: 'headers/types.h': No such file or directory
  uart.c
c:\psp-projects\x86emu\hardware\uart.c(5): fatal error C1083: Cannot open include file: 'headers/hardware/pic.h': No such file or directory
  softdebugger.c
c:\psp-projects\x86emu\hardware\softdebugger.c(1): fatal error C1083: Cannot open include file: 'headers/types.h': No such file or directory
  ps2_mouse.c
c:\psp-projects\x86emu\hardware\ps2_mouse.c(1): fatal error C1083: Cannot open include file: 'headers/hardware/8042.h': No such file or directory
  ps2_keyboard_data.c
c:\psp-projects\x86emu\hardware\ps2_keyboard_data.c(1): fatal error C1083: Cannot open include file: 'headers/hardware/ps2_keyboard.h': No such file or directory
  ps2_keyboard.c
c:\psp-projects\x86emu\hardware\ps2_keyboard.c(1): fatal error C1083: Cannot open include file: 'headers/hardware/8042.h': No such file or directory
  pit.c
c:\psp-projects\x86emu\hardware\pit.c(8): fatal error C1083: Cannot open include file: 'headers/types.h': No such file or directory
  pic.c
c:\psp-projects\x86emu\hardware\pic.c(1): fatal error C1083: Cannot open include file: 'headers/types.h': No such file or directory
  pcspeaker.c
c:\psp-projects\x86emu\hardware\pcspeaker.c(1): fatal error C1083: Cannot open include file: 'headers/types.h': No such file or directory
  mpu.c
c:\psp-projects\x86emu\hardware\midi\mpu.c(11): fatal error C1083: Cannot open include file: 'headers/header_dosboxmpu.h': No such file or directory
  mididevice.c
c:\psp-projects\x86emu\hardware\midi\mididevice.c(1): fatal error C1083: Cannot open include file: 'headers/types.h': No such file or directory
  midi.c
c:\psp-projects\x86emu\hardware\midi\midi.c(1): fatal error C1083: Cannot open include file: 'headers/types.h': No such file or directory
  ide.c
  dma.c
c:\psp-projects\x86emu\hardware\dma.c(7): fatal error C1083: Cannot open include file: 'headers/types.h': No such file or directory
  CMOS.c
c:\psp-projects\x86emu\hardware\cmos.c(1): fatal error C1083: Cannot open include file: 'headers/types.h': No such file or directory
  ATAPI.c
  adlib.c
c:\psp-projects\x86emu\hardware\adlib.c(23): fatal error C1083: Cannot open include file: 'headers/types.h': No such file or directory
  8042.c
c:\psp-projects\x86emu\hardware\8042.c(1): fatal error C1083: Cannot open include file: 'headers/types.h': No such file or directory
  exception.c
c:\psp-projects\x86emu\exception\exception.c(1): fatal error C1083: Cannot open include file: 'headers/types.h': No such file or directory
  Generating Code...
  Compiling...
  threads.c
c:\psp-projects\x86emu\emu\support\threads.c(1): fatal error C1083: Cannot open include file: 'headers/types.h': No such file or directory
  number_optimizations.c
c:\psp-projects\x86emu\emu\support\number_optimizations.c(1): fatal error C1083: Cannot open include file: 'headers/types.h': No such file or directory
  errors.c
c:\psp-projects\x86emu\emu\support\errors.c(1): fatal error C1083: Cannot open include file: 'headers/types.h': No such file or directory
  main.c
c:\psp-projects\x86emu\emu\main.c(1): fatal error C1083: Cannot open include file: 'headers/types.h': No such file or directory
  sound.c
c:\psp-projects\x86emu\emu\io\sound.c(2): fatal error C1083: Cannot open include file: 'headers/types.h': No such file or directory
  keyboard.c
c:\psp-projects\x86emu\emu\io\keyboard.c(1): fatal error C1083: Cannot open include file: 'headers/hardware/ps2_keyboard.h': No such file or directory
  input.c
c:\psp-projects\x86emu\emu\io\input.c(1): fatal error C1083: Cannot open include file: 'headers/types.h': No such file or directory
  gpu_text.c
c:\psp-projects\x86emu\emu\gpu\gpu_text.c(1): fatal error C1083: Cannot open include file: 'headers/emu/gpu/gpu.h': No such file or directory
  gpu_sdl.c
c:\psp-projects\x86emu\emu\gpu\gpu_sdl.c(1): fatal error C1083: Cannot open include file: 'headers/emu/gpu/gpu.h': No such file or directory
  gpu_renderer.c
c:\psp-projects\x86emu\emu\gpu\gpu_renderer.c(1): fatal error C1083: Cannot open include file: 'headers/types.h': No such file or directory
  gpu_framerate.c
c:\psp-projects\x86emu\emu\gpu\gpu_framerate.c(1): fatal error C1083: Cannot open include file: 'headers/emu/gpu/gpu.h': No such file or directory
  gpu_emu.c
c:\psp-projects\x86emu\emu\gpu\gpu_emu.c(1): fatal error C1083: Cannot open include file: 'headers/emu/gpu/gpu.h': No such file or directory
  gpu_debug.c
c:\psp-projects\x86emu\emu\gpu\gpu_debug.c(1): fatal error C1083: Cannot open include file: 'headers/emu/gpu/gpu.h': No such file or directory
  gpu.c
c:\psp-projects\x86emu\emu\gpu\gpu.c(1): fatal error C1083: Cannot open include file: 'headers/types.h': No such file or directory
  runromverify.c
c:\psp-projects\x86emu\emu\debugger\runromverify.c(1): fatal error C1083: Cannot open include file: 'headers/types.h': No such file or directory
  debug_sound.c
c:\psp-projects\x86emu\emu\debugger\debug_sound.c(1): fatal error C1083: Cannot open include file: 'headers/hardware/ports.h': No such file or directory
  debug_graphics.c
c:\psp-projects\x86emu\emu\debugger\debug_graphics.c(1): fatal error C1083: Cannot open include file: 'headers/types.h': No such file or directory
  debug_files.c
c:\psp-projects\x86emu\emu\debugger\debug_files.c(1): fatal error C1083: Cannot open include file: 'headers/types.h': No such file or directory
  debugger.c
c:\psp-projects\x86emu\emu\debugger\debugger.c(1): fatal error C1083: Cannot open include file: 'headers/types.h': No such file or directory
  emu_vga_bios.c
c:\psp-projects\x86emu\emu\core\emu_vga_bios.c(1): fatal error C1083: Cannot open include file: 'headers/types.h': No such file or directory
  Generating Code...
  Compiling...
  emu_vga.c
c:\psp-projects\x86emu\emu\core\emu_vga.c(1): fatal error C1083: Cannot open include file: 'headers/types.h': No such file or directory
  emu_misc.c
c:\psp-projects\x86emu\emu\core\emu_misc.c(1): fatal error C1083: Cannot open include file: 'headers/types.h': No such file or directory
  emu_main.c
c:\psp-projects\x86emu\emu\core\emu_main.c(1): fatal error C1083: Cannot open include file: 'headers/types.h': No such file or directory
  emu_bios_sound.c
c:\psp-projects\x86emu\emu\core\emu_bios_sound.c(1): fatal error C1083: Cannot open include file: 'headers/types.h': No such file or directory
  emu_bios_post.c
c:\psp-projects\x86emu\emu\core\emu_bios_post.c(1): fatal error C1083: Cannot open include file: 'headers/types.h': No such file or directory
  emucore.c
c:\psp-projects\x86emu\emu\core\emucore.c(1): fatal error C1083: Cannot open include file: 'headers/types.h': No such file or directory
  unkop.c
c:\psp-projects\x86emu\cpu\unkop.c(1): fatal error C1083: Cannot open include file: 'headers/types.h': No such file or directory
  modrm.c
c:\psp-projects\x86emu\cpu\modrm.c(1): fatal error C1083: Cannot open include file: 'headers/cpu/modrm.h': No such file or directory
  hardware_interrupts.c
c:\psp-projects\x86emu\cpu\hardware_interrupts.c(1): fatal error C1083: Cannot open include file: 'headers/cpu/cpu.h': No such file or directory
  flags.c
c:\psp-projects\x86emu\cpu\flags.c(1): fatal error C1083: Cannot open include file: 'headers/cpu/cpu.h': No such file or directory
  cpu_jmptbls0f.c
c:\psp-projects\x86emu\cpu\cpu_jmptbls0f.c(1): fatal error C1083: Cannot open include file: 'headers/cpu/cpu.h': No such file or directory
  cpu_jmptbls.c
c:\psp-projects\x86emu\cpu\cpu_jmptbls.c(1): fatal error C1083: Cannot open include file: 'headers/cpu/cpu.h': No such file or directory
  cpu_interrupts.c
c:\psp-projects\x86emu\cpu\cpu_interrupts.c(1): fatal error C1083: Cannot open include file: 'headers/types.h': No such file or directory
  cpu.c
c:\psp-projects\x86emu\cpu\cpu.c(2): fatal error C1083: Cannot open include file: 'headers/cpu/cpu.h': No such file or directory
  cb_manager.c
c:\psp-projects\x86emu\cpu\cb_manager.c(1): fatal error C1083: Cannot open include file: 'headers/types.h': No such file or directory
  opcodes_8086.c
c:\psp-projects\x86emu\cpu\8086\opcodes_8086.c(1): fatal error C1083: Cannot open include file: 'headers/types.h': No such file or directory
  flags.c
c:\psp-projects\x86emu\cpu\8086\flags.c(1): fatal error C1083: Cannot open include file: 'headers/cpu/cpu.h': No such file or directory
  8086_grpOPs.c
c:\psp-projects\x86emu\cpu\8086\8086_grpops.c(1): fatal error C1083: Cannot open include file: 'headers/types.h': No such file or directory
  opcodes_386.c
c:\psp-projects\x86emu\cpu\80386\opcodes_386.c(1): fatal error C1083: Cannot open include file: 'headers/types.h': No such file or directory
  opcodes0F_386.c
c:\psp-projects\x86emu\cpu\80386\opcodes0f_386.c(3): fatal error C1083: Cannot open include file: 'headers/types.h': No such file or directory
  Generating Code...
  Compiling...
  protection.c
c:\psp-projects\x86emu\cpu\80286\protection.c(1): fatal error C1083: Cannot open include file: 'headers/cpu/cpu.h': No such file or directory
  opcodes_80286.c
c:\psp-projects\x86emu\cpu\80286\opcodes_80286.c(1): fatal error C1083: Cannot open include file: 'headers/types.h': No such file or directory
  multitasking.c
c:\psp-projects\x86emu\cpu\80286\multitasking.c(1): fatal error C1083: Cannot open include file: 'headers/cpu/cpu.h': No such file or directory
  opcodes_80186.c
c:\psp-projects\x86emu\cpu\80186\opcodes_80186.c(1): fatal error C1083: Cannot open include file: 'headers/types.h': No such file or directory
  initmem.c
c:\psp-projects\x86emu\bios\initmem.c(1): fatal error C1083: Cannot open include file: 'headers/types.h': No such file or directory
  biosrom.c
c:\psp-projects\x86emu\bios\biosrom.c(1): fatal error C1083: Cannot open include file: 'headers/mmu/mmuhandler.h': No such file or directory
  biosmenu.c
c:\psp-projects\x86emu\bios\biosmenu.c(1): fatal error C1083: Cannot open include file: 'headers/types.h': No such file or directory
  bios.c
c:\psp-projects\x86emu\bios\bios.c(1): fatal error C1083: Cannot open include file: 'headers/types.h': No such file or directory
  staticimage.c
c:\psp-projects\x86emu\basicio\staticimage.c(1): fatal error C1083: Cannot open include file: 'headers/types.h': No such file or directory
  port_mapper.c
c:\psp-projects\x86emu\basicio\port_mapper.c(1): fatal error C1083: Cannot open include file: 'headers/types.h': No such file or directory
  port_io.c
c:\psp-projects\x86emu\basicio\port_io.c(3): fatal error C1083: Cannot open include file: 'headers/types.h': No such file or directory
  io.c
c:\psp-projects\x86emu\basicio\io.c(1): fatal error C1083: Cannot open include file: 'headers/bios/io.h': No such file or directory
  fopen64.c
c:\psp-projects\x86emu\basicio\fopen64.c(1): fatal error C1083: Cannot open include file: 'headers/types.h': No such file or directory
  dynamicimage.c
c:\psp-projects\x86emu\basicio\dynamicimage.c(1): fatal error C1083: Cannot open include file: 'headers/types.h': No such file or directory
  boot.c
c:\psp-projects\x86emu\basicio\boot.c(1): fatal error C1083: Cannot open include file: 'headers/bios/boot.h': No such file or directory
  Generating Code...
Done Building Project "C:\psp-projects\x86EMU\Windows\x86EMU\x86EMU.vcxproj" (build target(s)) -- FAILED.

Build FAILED.

Time Elapsed 00:00:06.86
